<?xml version="1.0" encoding="UTF-8"?>
<!-- Generated by org.testng.reporters.JUnitXMLReporter -->
<testsuite hostname="Wendy-PC" name="Demo Android" tests="2" failures="1" timestamp="19 Feb 2016 01:45:39 GMT" time="23.5" errors="0">
  <testcase name="Test010VerifyHomePageLoadingSuccess" time="0.188" classname="com.by.automate.tests.internCat.web.Test_FCVerifyLoginPage"/>
  <testcase name="Test020IsFailed" time="0.0" classname="com.by.automate.tests.internCat.web.Test_FCVerifyLoginPage">
    <failure type="java.lang.AssertionError" message="this is test expected [true] but found [false]">
      <![CDATA[java.lang.AssertionError: this is test expected [true] but found [false]
	at com.by.automate.base.core.UiFramework.assertTrue(UiFramework.java:2362)
	at com.by.automate.tests.internCat.web.Test_FCVerifyLoginPage.Test020IsFailed(Test_FCVerifyLoginPage.java:39)
... Removed 27 stack frames]]>
    </failure>
  </testcase> <!-- Test020IsFailed -->
</testsuite> <!-- Demo Android -->
